<?xml version="1.0" encoding="UTF-8"?>
<!-- Generated by org.testng.reporters.JUnitXMLReporter -->
<testsuite ignored="2" hostname="anvitha" failures="0" tests="2" name="Test-Runner-2" time="55.903" errors="0" timestamp="2023-07-25T21:08:10 IST">
  <testcase classname="vtiger.ContactsTests.CreateContactWithOrganizationTest" name="createContactWithOrgTest" time="27.302"/>
  <testcase classname="vtiger.ContactsTests.CreateContactTest" name="createContactTest" time="10.296"/>
  <testcase classname="vtiger.GenericUtilities.BaseClass" name="@BeforeSuite bsConfig" time="0.0">
    <ignored/>
  </testcase> <!-- @BeforeSuite bsConfig -->
  <testcase classname="vtiger.GenericUtilities.BaseClass" name="@AfterSuite asConfig" time="0.0">
    <ignored/>
  </testcase> <!-- @AfterSuite asConfig -->
</testsuite> <!-- Test-Runner-2 -->
