<?xml version="1.0" encoding="UTF-8"?>
<!-- Generated by org.testng.reporters.JUnitXMLReporter -->
<testsuite ignored="2" hostname="anvitha" failures="0" tests="2" name="Test-Runner-1" time="46.161" errors="0" timestamp="2023-07-25T21:08:00 IST">
  <testcase classname="vtiger.CampaignsTests.CreateCampaignWithTypeAndStatus" name="createCampaignWithTypeAndStatusTest" time="11.446"/>
  <testcase classname="vtiger.OrganizationsTests.CreateOrganizationTest" name="createOrganizationTest" time="14.774"/>
  <testcase classname="vtiger.GenericUtilities.BaseClass" name="@BeforeSuite bsConfig" time="0.0">
    <ignored/>
  </testcase> <!-- @BeforeSuite bsConfig -->
  <testcase classname="vtiger.GenericUtilities.BaseClass" name="@AfterSuite asConfig" time="0.0">
    <ignored/>
  </testcase> <!-- @AfterSuite asConfig -->
</testsuite> <!-- Test-Runner-1 -->
