<?xml version="1.0" encoding="UTF-8"?>
<!-- Generated by org.testng.reporters.JUnitXMLReporter -->
<testsuite ignored="0" hostname="anvitha" failures="0" tests="2" name="Test-Runner-firefox" time="47.094" errors="0" timestamp="2023-07-25T21:05:54 IST">
  <testcase classname="vtiger.OpportunitiesTests.CreateOpportunityWithContactTest" name="createOpportunityWithContactTest" time="25.296"/>
  <testcase classname="vtiger.OpportunitiesTests.CreateOpportunityWithContactTest" name="demoTest" time="0.008"/>
</testsuite> <!-- Test-Runner-firefox -->
