<?xml version="1.0" encoding="UTF-8"?>
<!-- Generated by org.testng.reporters.JUnitXMLReporter -->
<testsuite ignored="0" hostname="anvitha" failures="0" tests="2" name="Test-Runner-chrome" time="44.877" errors="0" timestamp="2023-07-25T21:05:51 IST">
  <testcase classname="vtiger.OpportunitiesTests.CreateOpportunityWithContactTest" name="createOpportunityWithContactTest" time="24.991"/>
  <testcase classname="vtiger.OpportunitiesTests.CreateOpportunityWithContactTest" name="demoTest" time="0.0"/>
</testsuite> <!-- Test-Runner-chrome -->
