<?xml version="1.0" encoding="UTF-8"?>
<!-- Generated by org.testng.reporters.JUnitReportReporter -->
<testsuite hostname="anvitha" failures="0" tests="1" name="vtiger.CampaignsTests.CreateCampaignWithTypeAndStatus" time="13.939" errors="0" timestamp="2023-07-26T20:16:54 IST" skipped="0">
  <testcase classname="vtiger.CampaignsTests.CreateCampaignWithTypeAndStatus" name="createCampaignWithTypeAndStatusTest" time="13.939"/>
  <system-out/>
</testsuite> <!-- vtiger.CampaignsTests.CreateCampaignWithTypeAndStatus -->
