<?xml version="1.0" encoding="UTF-8"?>
<!-- Generated by org.testng.reporters.JUnitReportReporter -->
<testsuite hostname="anvitha" failures="0" tests="1" name="vtiger.OrganizationsTests.CreateOrganizationWithIndustryAndTypeTest" time="12.220" errors="0" timestamp="2023-07-21T18:29:13 IST" skipped="0">
  <testcase classname="vtiger.OrganizationsTests.CreateOrganizationWithIndustryAndTypeTest" name="createOrganizationWithIndustryAndTypeTest" time="12.220"/>
  <system-out/>
</testsuite> <!-- vtiger.OrganizationsTests.CreateOrganizationWithIndustryAndTypeTest -->
