<?xml version="1.0" encoding="UTF-8"?>
<!-- Generated by org.testng.reporters.JUnitReportReporter -->
<testsuite hostname="anvitha" failures="0" tests="1" name="vtiger.CampaignsTests.CreateCampaignWithTypeAndStatusTest" time="17.590" errors="0" timestamp="2023-08-01T19:33:36 IST" skipped="0">
  <testcase classname="vtiger.CampaignsTests.CreateCampaignWithTypeAndStatusTest" name="createCampaignWithTypeAndStatusTest" time="17.590"/>
  <system-out/>
</testsuite> <!-- vtiger.CampaignsTests.CreateCampaignWithTypeAndStatusTest -->
