<?xml version="1.0" encoding="UTF-8"?>
<!-- Generated by org.testng.reporters.JUnitReportReporter -->
<testsuite hostname="anvitha" failures="0" tests="1" name="vtiger.ProductsTests.CreateProductWithVendorTest" time="16.590" errors="0" timestamp="2023-07-21T18:36:28 IST" skipped="0">
  <testcase classname="vtiger.ProductsTests.CreateProductWithVendorTest" name="createProductWithVendorTest" time="16.590"/>
  <system-out/>
</testsuite> <!-- vtiger.ProductsTests.CreateProductWithVendorTest -->
