<?xml version="1.0" encoding="UTF-8"?>
<!-- Generated by org.testng.reporters.JUnitReportReporter -->
<testsuite hostname="anvitha" failures="0" tests="1" name="vtiger.Practice.ReadDataFromCommandLineTest" time="0.007" errors="0" timestamp="2023-08-01T20:05:15 IST" skipped="0">
  <testcase classname="vtiger.Practice.ReadDataFromCommandLineTest" name="read" time="0.007"/>
  <system-out/>
</testsuite> <!-- vtiger.Practice.ReadDataFromCommandLineTest -->
