<?xml version="1.0" encoding="UTF-8"?>
<!-- Generated by org.testng.reporters.JUnitReportReporter -->
<testsuite hostname="anvitha" failures="0" tests="1" name="vtiger.OrganizationsTests.CreateOrganizationWithIndustryTest" time="12.315" errors="0" timestamp="2023-07-21T18:32:11 IST" skipped="0">
  <testcase classname="vtiger.OrganizationsTests.CreateOrganizationWithIndustryTest" name="createOrganizationWithIndustryTest" time="12.315"/>
  <system-out/>
</testsuite> <!-- vtiger.OrganizationsTests.CreateOrganizationWithIndustryTest -->
