<?xml version="1.0" encoding="UTF-8"?>
<!-- Generated by org.testng.reporters.JUnitReportReporter -->
<testsuite hostname="anvitha" failures="0" tests="1" name="vtiger.ContactsTests.CreateContactTest" time="15.371" errors="0" timestamp="2023-07-25T21:08:10 IST" skipped="0">
  <testcase classname="vtiger.ContactsTests.CreateContactTest" name="createContactTest" time="15.371"/>
  <system-out/>
</testsuite> <!-- vtiger.ContactsTests.CreateContactTest -->
