<?xml version="1.0" encoding="UTF-8"?>
<!-- Generated by org.testng.reporters.JUnitReportReporter -->
<testsuite hostname="anvitha" failures="0" tests="1" name="vtiger.OrganizationsTests.CreateOrganizationTest" time="17.787" errors="0" timestamp="2023-08-02T19:50:33 IST" skipped="0">
  <testcase classname="vtiger.OrganizationsTests.CreateOrganizationTest" name="createOrganizationTest" time="17.787"/>
  <system-out/>
</testsuite> <!-- vtiger.OrganizationsTests.CreateOrganizationTest -->
